main
    t2 = 4
    t3 = alloc(t2)
    if0 t3 goto nullErr_0
    t4 = 0
    t2 = 4
    t5 = alloc(t2)
    if0 t5 goto nullErr_0
    s1 = @BT_Start
    [t5 + 0] = s1
    [t3 + 0] = t5
    goto success_1
    success_1:
    if0 t3 goto nullErr_2
    goto success_3
    success_3:
    s2 = [t3 + 0]
    s3 = [s2 + 0]
    stack_save_t4 = t4
    stack_save_t5 = t5
    stack_save_t2 = t2
    stack_save_t3 = t3
    stack_save_a2 = a2
    stack_save_a3 = a3
    stack_save_a4 = a4
    stack_save_a5 = a5
    stack_save_a6 = a6
    stack_save_a7 = a7
    a2 = t3
    s4 = call s3()
BT_Start
    stack_save_s3 = s3
    stack_save_s4 = s4
    stack_save_s5 = s5
    stack_save_s11 = s11
    stack_save_s6 = s6
    stack_save_s10 = s10
    stack_save_s7 = s7
    stack_save_s8 = s8
    stack_save_s9 = s9
    stack_save_s1 = s1
    stack_save_s2 = s2
    t2 = 28
    t3 = alloc(t2)
    if0 t3 goto nullErr_4
    t4 = 0
    [t3 + 4] = t4
    [t3 + 8] = t4
    [t3 + 12] = t4
    [t3 + 16] = t4
    [t3 + 20] = t4
    [t3 + 24] = t4
    t2 = 80
    t5 = alloc(t2)
    if0 t5 goto nullErr_4
    s1 = @Tree_Insert
    [t5 + 48] = s1
    s2 = @Tree_GetRight
    [t5 + 12] = s2
    s3 = @Tree_GetHas_Left
    [t5 + 32] = s3
    s4 = @Tree_RemoveRight
    [t5 + 60] = s4
    s5 = @Tree_SetRight
    [t5 + 4] = s5
    s6 = @Tree_RecPrint
    [t5 + 76] = s6
    s7 = @Tree_Search
    [t5 + 68] = s7
    s8 = @Tree_Compare
    [t5 + 44] = s8
    s9 = @Tree_Remove
    [t5 + 56] = s9
    s10 = @Tree_SetKey
    [t5 + 24] = s10
    s11 = @Tree_SetHas_Left
    [t5 + 36] = s11
    t4 = @Tree_Init
    [t5 + 0] = t4
    t2 = @Tree_SetLeft
    [t5 + 8] = t2
    s1 = @Tree_GetKey
    [t5 + 20] = s1
    s2 = @Tree_GetLeft
    [t5 + 16] = s2
    s3 = @Tree_GetHas_Right
    [t5 + 28] = s3
    s4 = @Tree_Print
    [t5 + 72] = s4
    s5 = @Tree_Delete
    [t5 + 52] = s5
    s6 = @Tree_SetHas_Right
    [t5 + 40] = s6
    s7 = @Tree_RemoveLeft
    [t5 + 64] = s7
    [t3 + 0] = t5
    goto success_5
    success_5:
    s8 = t3
    if0 s8 goto nullErr_6
    goto success_7
    success_7:
    s9 = 16
    s10 = [s8 + 0]
    s11 = [s10 + 0]
    stack_save_t4 = t4
    stack_save_t5 = t5
    stack_save_t2 = t2
    stack_save_t3 = t3
    stack_save_a2 = a2
    stack_save_a3 = a3
    stack_save_a4 = a4
    stack_save_a5 = a5
    stack_save_a6 = a6
    stack_save_a7 = a7
    a2 = s8
    a3 = s9
    t4 = call s11()
Tree_Init
    stack_save_s3 = s3
    stack_save_s4 = s4
    stack_save_s5 = s5
    stack_save_s11 = s11
    stack_save_s6 = s6
    stack_save_s10 = s10
    stack_save_s7 = s7
    stack_save_s8 = s8
    stack_save_s9 = s9
    stack_save_s1 = s1
    stack_save_s2 = s2
    [a2 + 12] = a3
    t2 = 0
    [a2 + 16] = t2
    t3 = 0
    [a2 + 20] = t3
    t4 = 1
    v121 = t4
    s3 = stack_save_s3
    s4 = stack_save_s4
    s5 = stack_save_s5
    s11 = stack_save_s11
    s6 = stack_save_s6
    s10 = stack_save_s10
    s7 = stack_save_s7
    s8 = stack_save_s8
    s9 = stack_save_s9
    s1 = stack_save_s1
    s2 = stack_save_s2
    return v121
    t1 = t4
    t4 = stack_save_t4
    t5 = stack_save_t5
    t2 = stack_save_t2
    t3 = stack_save_t3
    a2 = stack_save_a2
    a3 = stack_save_a3
    a4 = stack_save_a4
    a5 = stack_save_a5
    a6 = stack_save_a6
    a7 = stack_save_a7
    t4 = t1
    t2 = t4
    if0 s8 goto nullErr_8
    goto success_9
    success_9:
    s1 = [s8 + 0]
    s2 = [s1 + 72]
    stack_save_t4 = t4
    stack_save_t5 = t5
    stack_save_t2 = t2
    stack_save_t3 = t3
    stack_save_a2 = a2
    stack_save_a3 = a3
    stack_save_a4 = a4
    stack_save_a5 = a5
    stack_save_a6 = a6
    stack_save_a7 = a7
    a2 = s8
    s3 = call s2()
Tree_Print
    stack_save_s3 = s3
    stack_save_s4 = s4
    stack_save_s5 = s5
    stack_save_s11 = s11
    stack_save_s6 = s6
    stack_save_s10 = s10
    stack_save_s7 = s7
    stack_save_s8 = s8
    stack_save_s9 = s9
    stack_save_s1 = s1
    stack_save_s2 = s2
    t2 = a2
    if0 a2 goto nullErr_194
    goto success_195
    success_195:
    t3 = [a2 + 0]
    t4 = [t3 + 76]
    stack_save_t4 = t4
    stack_save_t5 = t5
    stack_save_t2 = t2
    stack_save_t3 = t3
    stack_save_a2 = a2
    stack_save_a3 = a3
    stack_save_a4 = a4
    stack_save_a5 = a5
    stack_save_a6 = a6
    stack_save_a7 = a7
    a2 = stack_save_a2
    a3 = t2
    t5 = call t4()
Tree_RecPrint
    stack_save_s3 = s3
    stack_save_s4 = s4
    stack_save_s5 = s5
    stack_save_s11 = s11
    stack_save_s6 = s6
    stack_save_s10 = s10
    stack_save_s7 = s7
    stack_save_s8 = s8
    stack_save_s9 = s9
    stack_save_s1 = s1
    stack_save_s2 = s2
    if0 a3 goto nullErr_198
    goto success_199
    success_199:
    t2 = [a3 + 0]
    t3 = [t2 + 32]
    stack_save_t4 = t4
    stack_save_t5 = t5
    stack_save_t2 = t2
    stack_save_t3 = t3
    stack_save_a2 = a2
    stack_save_a3 = a3
    stack_save_a4 = a4
    stack_save_a5 = a5
    stack_save_a6 = a6
    stack_save_a7 = a7
    a2 = stack_save_a3
    t4 = call t3()
Tree_GetHas_Left
    stack_save_s3 = s3
    stack_save_s4 = s4
    stack_save_s5 = s5
    stack_save_s11 = s11
    stack_save_s6 = s6
    stack_save_s10 = s10
    stack_save_s7 = s7
    stack_save_s8 = s8
    stack_save_s9 = s9
    stack_save_s1 = s1
    stack_save_s2 = s2
    t2 = [a2 + 16]
    v140 = t2
    s3 = stack_save_s3
    s4 = stack_save_s4
    s5 = stack_save_s5
    s11 = stack_save_s11
    s6 = stack_save_s6
    s10 = stack_save_s10
    s7 = stack_save_s7
    s8 = stack_save_s8
    s9 = stack_save_s9
    s1 = stack_save_s1
    s2 = stack_save_s2
    return v140
    t1 = t4
    t4 = stack_save_t4
    t5 = stack_save_t5
    t2 = stack_save_t2
    t3 = stack_save_t3
    a2 = stack_save_a2
    a3 = stack_save_a3
    a4 = stack_save_a4
    a5 = stack_save_a5
    a6 = stack_save_a6
    a7 = stack_save_a7
    t4 = t1
    if0 t4 goto else_196
    else_196:
    s7 = 1
    s6 = s7
    endif_197:
    if0 a3 goto nullErr_204
    goto success_205
    success_205:
    s8 = [a3 + 0]
    s9 = [s8 + 20]
    stack_save_t4 = t4
    stack_save_t5 = t5
    stack_save_t2 = t2
    stack_save_t3 = t3
    stack_save_a2 = a2
    stack_save_a3 = a3
    stack_save_a4 = a4
    stack_save_a5 = a5
    stack_save_a6 = a6
    stack_save_a7 = a7
    a2 = stack_save_a3
    s10 = call s9()
Tree_GetKey
    stack_save_s3 = s3
    stack_save_s4 = s4
    stack_save_s5 = s5
    stack_save_s11 = s11
    stack_save_s6 = s6
    stack_save_s10 = s10
    stack_save_s7 = s7
    stack_save_s8 = s8
    stack_save_s9 = s9
    stack_save_s1 = s1
    stack_save_s2 = s2
    t2 = [a2 + 12]
    v133 = t2
    s3 = stack_save_s3
    s4 = stack_save_s4
    s5 = stack_save_s5
    s11 = stack_save_s11
    s6 = stack_save_s6
    s10 = stack_save_s10
    s7 = stack_save_s7
    s8 = stack_save_s8
    s9 = stack_save_s9
    s1 = stack_save_s1
    s2 = stack_save_s2
    return v133
    t1 = s10
    t4 = stack_save_t4
    t5 = stack_save_t5
    t2 = stack_save_t2
    t3 = stack_save_t3
    a2 = stack_save_a2
    a3 = stack_save_a3
    a4 = stack_save_a4
    a5 = stack_save_a5
    a6 = stack_save_a6
    a7 = stack_save_a7
    s10 = t1
    print(s10)
16
    if0 a3 goto nullErr_208
    goto success_209
    success_209:
    s11 = [a3 + 0]
    t2 = [s11 + 28]
    stack_save_t4 = t4
    stack_save_t5 = t5
    stack_save_t2 = t2
    stack_save_t3 = t3
    stack_save_a2 = a2
    stack_save_a3 = a3
    stack_save_a4 = a4
    stack_save_a5 = a5
    stack_save_a6 = a6
    stack_save_a7 = a7
    a2 = stack_save_a3
    t3 = call t2()
Tree_GetHas_Right
    stack_save_s3 = s3
    stack_save_s4 = s4
    stack_save_s5 = s5
    stack_save_s11 = s11
    stack_save_s6 = s6
    stack_save_s10 = s10
    stack_save_s7 = s7
    stack_save_s8 = s8
    stack_save_s9 = s9
    stack_save_s1 = s1
    stack_save_s2 = s2
    t2 = [a2 + 20]
    v138 = t2
    s3 = stack_save_s3
    s4 = stack_save_s4
    s5 = stack_save_s5
    s11 = stack_save_s11
    s6 = stack_save_s6
    s10 = stack_save_s10
    s7 = stack_save_s7
    s8 = stack_save_s8
    s9 = stack_save_s9
    s1 = stack_save_s1
    s2 = stack_save_s2
    return v138
    t1 = t3
    t4 = stack_save_t4
    t5 = stack_save_t5
    t2 = stack_save_t2
    t3 = stack_save_t3
    a2 = stack_save_a2
    a3 = stack_save_a3
    a4 = stack_save_a4
    a5 = stack_save_a5
    a6 = stack_save_a6
    a7 = stack_save_a7
    t3 = t1
    if0 t3 goto else_206
    else_206:
    s5 = 1
    s6 = s5
    endif_207:
    s7 = 1
    v447 = s7
    s3 = stack_save_s3
    s4 = stack_save_s4
    s5 = stack_save_s5
    s11 = stack_save_s11
    s6 = stack_save_s6
    s10 = stack_save_s10
    s7 = stack_save_s7
    s8 = stack_save_s8
    s9 = stack_save_s9
    s1 = stack_save_s1
    s2 = stack_save_s2
    return v447
    t1 = t5
    t4 = stack_save_t4
    t5 = stack_save_t5
    t2 = stack_save_t2
    t3 = stack_save_t3
    a2 = stack_save_a2
    a3 = stack_save_a3
    a4 = stack_save_a4
    a5 = stack_save_a5
    a6 = stack_save_a6
    a7 = stack_save_a7
    t5 = t1
    s1 = t5
    s2 = 1
    v420 = s2
    s3 = stack_save_s3
    s4 = stack_save_s4
    s5 = stack_save_s5
    s11 = stack_save_s11
    s6 = stack_save_s6
    s10 = stack_save_s10
    s7 = stack_save_s7
    s8 = stack_save_s8
    s9 = stack_save_s9
    s1 = stack_save_s1
    s2 = stack_save_s2
    return v420
    t1 = s3
    t4 = stack_save_t4
    t5 = stack_save_t5
    t2 = stack_save_t2
    t3 = stack_save_t3
    a2 = stack_save_a2
    a3 = stack_save_a3
    a4 = stack_save_a4
    a5 = stack_save_a5
    a6 = stack_save_a6
    a7 = stack_save_a7
    s3 = t1
    t2 = s3
    s4 = 100000000
    print(s4)
100000000
    if0 s8 goto nullErr_10
    goto success_11
    success_11:
    s5 = 8
    s6 = [s8 + 0]
    s7 = [s6 + 48]
    stack_save_t4 = t4
    stack_save_t5 = t5
    stack_save_t2 = t2
    stack_save_t3 = t3
    stack_save_a2 = a2
    stack_save_a3 = a3
    stack_save_a4 = a4
    stack_save_a5 = a5
    stack_save_a6 = a6
    stack_save_a7 = a7
    a2 = s8
    a3 = s5
    t5 = call s7()
Tree_Insert
    stack_save_s3 = s3
    stack_save_s4 = s4
    stack_save_s5 = s5
    stack_save_s11 = s11
    stack_save_s6 = s6
    stack_save_s10 = s10
    stack_save_s7 = s7
    stack_save_s8 = s8
    stack_save_s9 = s9
    stack_save_s1 = s1
    stack_save_s2 = s2
    t2 = 28
    t3 = alloc(t2)
    if0 t3 goto nullErr_48
    t4 = 0
    [t3 + 4] = t4
    [t3 + 8] = t4
    [t3 + 12] = t4
    [t3 + 16] = t4
    [t3 + 20] = t4
    [t3 + 24] = t4
    t2 = 80
    t5 = alloc(t2)
    if0 t5 goto nullErr_48
    s1 = @Tree_Insert
    [t5 + 48] = s1
    s2 = @Tree_GetRight
    [t5 + 12] = s2
    s3 = @Tree_GetHas_Left
    [t5 + 32] = s3
    s4 = @Tree_RemoveRight
    [t5 + 60] = s4
    s5 = @Tree_SetRight
    [t5 + 4] = s5
    s6 = @Tree_RecPrint
    [t5 + 76] = s6
    s7 = @Tree_Search
    [t5 + 68] = s7
    s8 = @Tree_Compare
    [t5 + 44] = s8
    s9 = @Tree_Remove
    [t5 + 56] = s9
    s10 = @Tree_SetKey
    [t5 + 24] = s10
    s11 = @Tree_SetHas_Left
    [t5 + 36] = s11
    t4 = @Tree_Init
    [t5 + 0] = t4
    t2 = @Tree_SetLeft
    [t5 + 8] = t2
    s1 = @Tree_GetKey
    [t5 + 20] = s1
    s2 = @Tree_GetLeft
    [t5 + 16] = s2
    s3 = @Tree_GetHas_Right
    [t5 + 28] = s3
    s4 = @Tree_Print
    [t5 + 72] = s4
    s5 = @Tree_Delete
    [t5 + 52] = s5
    s6 = @Tree_SetHas_Right
    [t5 + 40] = s6
    s7 = @Tree_RemoveLeft
    [t5 + 64] = s7
    [t3 + 0] = t5
    goto success_49
    success_49:
    s8 = t3
    if0 s8 goto nullErr_50
    goto success_51
    success_51:
    s9 = [s8 + 0]
    s10 = [s9 + 0]
    stack_save_t4 = t4
    stack_save_t5 = t5
    stack_save_t2 = t2
    stack_save_t3 = t3
    stack_save_a2 = a2
    stack_save_a3 = a3
    stack_save_a4 = a4
    stack_save_a5 = a5
    stack_save_a6 = a6
    stack_save_a7 = a7
    a2 = s8
    a3 = stack_save_a3
    s11 = call s10()
Tree_Init
    stack_save_s3 = s3
    stack_save_s4 = s4
    stack_save_s5 = s5
    stack_save_s11 = s11
    stack_save_s6 = s6
    stack_save_s10 = s10
    stack_save_s7 = s7
    stack_save_s8 = s8
    stack_save_s9 = s9
    stack_save_s1 = s1
    stack_save_s2 = s2
    [a2 + 12] = a3
    t2 = 0
    [a2 + 16] = t2
    t3 = 0
    [a2 + 20] = t3
    t4 = 1
    v121 = t4
    s3 = stack_save_s3
    s4 = stack_save_s4
    s5 = stack_save_s5
    s11 = stack_save_s11
    s6 = stack_save_s6
    s10 = stack_save_s10
    s7 = stack_save_s7
    s8 = stack_save_s8
    s9 = stack_save_s9
    s1 = stack_save_s1
    s2 = stack_save_s2
    return v121
    t1 = s11
    t4 = stack_save_t4
    t5 = stack_save_t5
    t2 = stack_save_t2
    t3 = stack_save_t3
    a2 = stack_save_a2
    a3 = stack_save_a3
    a4 = stack_save_a4
    a5 = stack_save_a5
    a6 = stack_save_a6
    a7 = stack_save_a7
    s11 = t1
    t4 = s11
    t2 = a2
    s1 = 1
    s2 = s1
    while_52:
    if0 s2 goto endWhile_53
    if0 t2 goto nullErr_54
    goto success_55
    success_55:
    t1 = [t2 + 0]
    v197 = t1
    t0 = v197
    t1 = [t0 + 20]
    v198 = t1
    stack_save_t4 = t4
    stack_save_t5 = t5
    stack_save_t2 = t2
    stack_save_t3 = t3
    stack_save_a2 = a2
    stack_save_a3 = a3
    stack_save_a4 = a4
    stack_save_a5 = a5
    stack_save_a6 = a6
    stack_save_a7 = a7
    t0 = v198
    a2 = t2
    t1 = call t0()
Tree_GetKey
    stack_save_s3 = s3
    stack_save_s4 = s4
    stack_save_s5 = s5
    stack_save_s11 = s11
    stack_save_s6 = s6
    stack_save_s10 = s10
    stack_save_s7 = s7
    stack_save_s8 = s8
    stack_save_s9 = s9
    stack_save_s1 = s1
    stack_save_s2 = s2
    t2 = [a2 + 12]
    v133 = t2
    s3 = stack_save_s3
    s4 = stack_save_s4
    s5 = stack_save_s5
    s11 = stack_save_s11
    s6 = stack_save_s6
    s10 = stack_save_s10
    s7 = stack_save_s7
    s8 = stack_save_s8
    s9 = stack_save_s9
    s1 = stack_save_s1
    s2 = stack_save_s2
    return v133
    v199 = t1
    t4 = stack_save_t4
    t5 = stack_save_t5
    t2 = stack_save_t2
    t3 = stack_save_t3
    a2 = stack_save_a2
    a3 = stack_save_a3
    a4 = stack_save_a4
    a5 = stack_save_a5
    a6 = stack_save_a6
    a7 = stack_save_a7
    t1 = v199
    t0 = t1
    v167 = t0
    t1 = v167
    t1 = a3 < t1
    v200 = t1
    t0 = v200
    if0 t0 goto else_56
    if0 t2 goto nullErr_60
    goto success_61
    success_61:
    t1 = [t2 + 0]
    v201 = t1
    t0 = v201
    t1 = [t0 + 32]
    v202 = t1
    stack_save_t4 = t4
    stack_save_t5 = t5
    stack_save_t2 = t2
    stack_save_t3 = t3
    stack_save_a2 = a2
    stack_save_a3 = a3
    stack_save_a4 = a4
    stack_save_a5 = a5
    stack_save_a6 = a6
    stack_save_a7 = a7
    t0 = v202
    a2 = t2
    t1 = call t0()
Tree_GetHas_Left
    stack_save_s3 = s3
    stack_save_s4 = s4
    stack_save_s5 = s5
    stack_save_s11 = s11
    stack_save_s6 = s6
    stack_save_s10 = s10
    stack_save_s7 = s7
    stack_save_s8 = s8
    stack_save_s9 = s9
    stack_save_s1 = s1
    stack_save_s2 = s2
    t2 = [a2 + 16]
    v140 = t2
    s3 = stack_save_s3
    s4 = stack_save_s4
    s5 = stack_save_s5
    s11 = stack_save_s11
    s6 = stack_save_s6
    s10 = stack_save_s10
    s7 = stack_save_s7
    s8 = stack_save_s8
    s9 = stack_save_s9
    s1 = stack_save_s1
    s2 = stack_save_s2
    return v140
    v203 = t1
    t4 = stack_save_t4
    t5 = stack_save_t5
    t2 = stack_save_t2
    t3 = stack_save_t3
    a2 = stack_save_a2
    a3 = stack_save_a3
    a4 = stack_save_a4
    a5 = stack_save_a5
    a6 = stack_save_a6
    a7 = stack_save_a7
    t0 = v203
    if0 t0 goto else_58
    else_58:
    t0 = 0
    v207 = t0
    t1 = v207
    s2 = t1
    if0 t2 goto nullErr_64
    goto success_65
    success_65:
    t0 = 1
    v208 = t0
    t1 = [t2 + 0]
    v209 = t1
    t0 = v209
    t1 = [t0 + 36]
    v210 = t1
    stack_save_t4 = t4
    stack_save_t5 = t5
    stack_save_t2 = t2
    stack_save_t3 = t3
    stack_save_a2 = a2
    stack_save_a3 = a3
    stack_save_a4 = a4
    stack_save_a5 = a5
    stack_save_a6 = a6
    stack_save_a7 = a7
    t0 = v210
    a2 = t2
    t0 = v208
    a3 = t0
    t1 = call t0()
--- Error (Explicit) ---
Error: t1 = call t0()
Wrong argument type in Call
